<?xml version="1.0" encoding="UTF-8"?>
<!-- Generated by org.testng.reporters.JUnitReportReporter -->
<testsuite hostname="Prasanna-PC" failures="0" tests="3" name="com.pages.HomePageTests" time="23.002" errors="0" timestamp="02 Jun 2018 03:08:14 GMT" skipped="0">
  <testcase classname="com.pages.HomePageTests" name="Tabnavigation" time="4.440"/>
  <testcase classname="com.pages.HomePageTests" name="verifysubsmsg" time="7.212"/>
  <testcase classname="com.pages.HomePageTests" name="Tabdisplay" time="11.350"/>
</testsuite> <!-- com.pages.HomePageTests -->
